app/build/outputs/logs/manifest-merger-release-report.txt
-- Merging decision tree log ---
manifest
ADDED from src\main\AndroidManifest.xml:5:1-35:12
	package
		ADDED from src\main\AndroidManifest.xml:6:7-49
		INJECTED from src\main\AndroidManifest.xml
		INJECTED from src\main\AndroidManifest.xml
	android:versionName
		ADDED from src\main\AndroidManifest.xml:8:7-32
		INJECTED from src\main\AndroidManifest.xml
		INJECTED from src\main\AndroidManifest.xml
	android:versionCode
		ADDED from src\main\AndroidManifest.xml:7:7-30
		INJECTED from src\main\AndroidManifest.xml
		INJECTED from src\main\AndroidManifest.xml
	xmlns:android
		ADDED from src\main\AndroidManifest.xml:5:11-69
uses-sdk
ADDED from src\main\AndroidManifest.xml:9:5-11:41
MERGED from [com.android.support:multidex:1.0.1] AndroidManifest.xml:18:5-42
	android:targetSdkVersion
		ADDED from src\main\AndroidManifest.xml:11:9-38
		INJECTED from src\main\AndroidManifest.xml
		INJECTED from src\main\AndroidManifest.xml
	android:minSdkVersion
		ADDED from src\main\AndroidManifest.xml:10:9-35
		INJECTED from src\main\AndroidManifest.xml
		INJECTED from src\main\AndroidManifest.xml
uses-permission#android.permission.BLUETOOTH_ADMIN
ADDED from src\main\AndroidManifest.xml:13:5-74
	android:name
		ADDED from src\main\AndroidManifest.xml:13:22-71
uses-permission#android.permission.BLUETOOTH
ADDED from src\main\AndroidManifest.xml:14:5-68
	android:name
		ADDED from src\main\AndroidManifest.xml:14:22-65
application
ADDED from src\main\AndroidManifest.xml:16:5-34:19
	android:label
		ADDED from src\main\AndroidManifest.xml:16:18-42
	android:icon
		ADDED from src\main\AndroidManifest.xml:17:18-51
activity#com.ZoomoneyApp.android.Zoomoney.ZoomainActivity
ADDED from src\main\AndroidManifest.xml:18:9-23:20
	android:name
		ADDED from src\main\AndroidManifest.xml:18:19-50
intent-filter#android.intent.action.MAIN+android.intent.category.LAUNCHER
ADDED from src\main\AndroidManifest.xml:19:13-22:29
action#android.intent.action.MAIN
ADDED from src\main\AndroidManifest.xml:20:17-69
	android:name
		ADDED from src\main\AndroidManifest.xml:20:25-66
category#android.intent.category.LAUNCHER
ADDED from src\main\AndroidManifest.xml:21:17-77
	android:name
		ADDED from src\main\AndroidManifest.xml:21:27-74
activity#com.ZoomoneyApp.android.Zoomoney.BluetoothZoomain
ADDED from src\main\AndroidManifest.xml:24:9-28:20
	android:label
		ADDED from src\main\AndroidManifest.xml:25:19-43
	android:configChanges
		ADDED from src\main\AndroidManifest.xml:26:19-69
	android:name
		ADDED from src\main\AndroidManifest.xml:24:19-51
activity#com.ZoomoneyApp.android.Zoomoney.DeviceListActivity
ADDED from src\main\AndroidManifest.xml:30:9-33:72
	android:label
		ADDED from src\main\AndroidManifest.xml:31:19-56
	android:configChanges
		ADDED from src\main\AndroidManifest.xml:33:19-69
	android:theme
		ADDED from src\main\AndroidManifest.xml:32:19-67
	android:name
		ADDED from src\main\AndroidManifest.xml:30:19-53